<?xml version="1.0" encoding="UTF-8"?>
<testng-results ignored="0" total="3" passed="3" failed="0" skipped="0">
  <reporter-output>
  </reporter-output>
  <suite started-at="2021-11-20T05:29:33Z" name="AppTest" finished-at="2021-11-20T05:29:33Z" duration-ms="27">
    <groups>
    </groups>
    <test started-at="2021-11-20T05:29:33Z" name="Command line test" finished-at="2021-11-20T05:29:33Z" duration-ms="27">
      <class name="AppTest">
        <test-method is-config="true" signature="print()[pri:0, instance:AppTest@5ae63ade]" started-at="2021-11-20T05:29:33Z" name="print" finished-at="2021-11-20T05:29:33Z" duration-ms="6" status="PASS">
          <reporter-output>
          </reporter-output>
        </test-method> <!-- print -->
        <test-method is-config="true" signature="beforeMethod()[pri:0, instance:AppTest@5ae63ade]" started-at="2021-11-20T05:29:33Z" name="beforeMethod" finished-at="2021-11-20T05:29:33Z" duration-ms="1" status="PASS">
          <reporter-output>
          </reporter-output>
        </test-method> <!-- beforeMethod -->
        <test-method signature="AppTest()[pri:0, instance:AppTest@5ae63ade]" started-at="2021-11-20T05:29:33Z" name="AppTest" finished-at="2021-11-20T05:29:33Z" duration-ms="1" status="PASS">
          <reporter-output>
          </reporter-output>
        </test-method> <!-- AppTest -->
        <test-method signature="assertFalse()[pri:0, instance:AppTest@5ae63ade]" started-at="2021-11-20T05:29:33Z" name="assertFalse" finished-at="2021-11-20T05:29:33Z" duration-ms="0" status="PASS">
          <reporter-output>
          </reporter-output>
        </test-method> <!-- assertFalse -->
        <test-method is-config="true" signature="beforeMethod()[pri:0, instance:AppTest@5ae63ade]" started-at="2021-11-20T05:29:33Z" name="beforeMethod" finished-at="2021-11-20T05:29:33Z" duration-ms="0" status="PASS">
          <reporter-output>
          </reporter-output>
        </test-method> <!-- beforeMethod -->
        <test-method is-config="true" signature="beforeMethod()[pri:0, instance:AppTest@5ae63ade]" started-at="2021-11-20T05:29:33Z" name="beforeMethod" finished-at="2021-11-20T05:29:33Z" duration-ms="0" status="PASS">
          <reporter-output>
          </reporter-output>
        </test-method> <!-- beforeMethod -->
        <test-method signature="assertTrue()[pri:0, instance:AppTest@5ae63ade]" started-at="2021-11-20T05:29:33Z" name="assertTrue" finished-at="2021-11-20T05:29:33Z" duration-ms="7" status="PASS">
          <reporter-output>
          </reporter-output>
        </test-method> <!-- assertTrue -->
        <test-method is-config="true" signature="afterPrint()[pri:0, instance:AppTest@5ae63ade]" started-at="2021-11-20T05:29:33Z" name="afterPrint" finished-at="2021-11-20T05:29:33Z" duration-ms="0" status="PASS">
          <reporter-output>
          </reporter-output>
        </test-method> <!-- afterPrint -->
      </class> <!-- AppTest -->
    </test> <!-- Command line test -->
  </suite> <!-- AppTest -->
</testng-results>
